d:\c++projects\dissy\deferred shading\source\deferred shading\debug\vc120.pdb
d:\c++projects\dissy\deferred shading\source\deferred shading\debug\vc120.idb
d:\c++projects\dissy\deferred shading\source\deferred shading\debug\dx11shader.obj
d:\c++projects\dissy\deferred shading\source\deferred shading\debug\dx11shape.obj
d:\c++projects\dissy\deferred shading\source\deferred shading\debug\dx11texsampler.obj
d:\c++projects\dissy\deferred shading\source\deferred shading\debug\dx11texture.obj
d:\c++projects\dissy\deferred shading\source\deferred shading\debug\dx11texturepool.obj
d:\c++projects\dissy\deferred shading\source\deferred shading\debug\dx11timer.obj
d:\c++projects\dissy\deferred shading\source\deferred shading\debug\dx11transform.obj
d:\c++projects\dissy\deferred shading\source\deferred shading\debug\dx11typelessconstantbuffer.obj
d:\c++projects\dissy\deferred shading\source\deferred shading\debug\dxgbuffer.obj
d:\c++projects\dissy\deferred shading\source\deferred shading\debug\file.obj
d:\c++projects\dissy\deferred shading\source\deferred shading\debug\game.obj
d:\c++projects\dissy\deferred shading\source\deferred shading\debug\light.obj
d:\c++projects\dissy\deferred shading\source\deferred shading\debug\main.obj
d:\c++projects\dissy\deferred shading\source\deferred shading\debug\mainstate.obj
d:\c++projects\dissy\deferred shading\source\deferred shading\debug\matrix.obj
d:\c++projects\dissy\deferred shading\source\deferred shading\debug\pointlight.obj
d:\c++projects\dissy\deferred shading\source\deferred shading\debug\polarcartconversion.obj
d:\c++projects\dissy\deferred shading\source\deferred shading\debug\quaternion.obj
d:\c++projects\dissy\deferred shading\source\deferred shading\debug\spotlight.obj
d:\c++projects\dissy\deferred shading\source\deferred shading\debug\windowswindow.obj
d:\c++projects\dissy\deferred shading\source\deferred shading\debug\angleconvert.obj
d:\c++projects\dissy\deferred shading\source\deferred shading\debug\directionallight.obj
d:\c++projects\dissy\deferred shading\source\deferred shading\debug\directoryfunctions.obj
d:\c++projects\dissy\deferred shading\source\deferred shading\debug\dx11camera.obj
d:\c++projects\dissy\deferred shading\source\deferred shading\debug\dx11cube.obj
d:\c++projects\dissy\deferred shading\source\deferred shading\debug\dx11deferreddirlightset.obj
d:\c++projects\dissy\deferred shading\source\deferred shading\debug\dx11deferredpointset.obj
d:\c++projects\dissy\deferred shading\source\deferred shading\debug\dx11drawstate.obj
d:\c++projects\dissy\deferred shading\source\deferred shading\debug\dx11graphics.obj
d:\c++projects\dissy\deferred shading\source\deferred shading\debug\dx11icosahedron.obj
d:\c++projects\dissy\deferred shading\source\deferred shading\debug\dx11input.obj
d:\c++projects\dissy\deferred shading\source\deferred shading\debug\dx11objmesh.obj
d:\c++projects\dissy\deferred shading\source\deferred shading\debug\dx11quad.obj
d:\c++projects\dissy\deferred shading\source\debug\deferred shading.exe
d:\c++projects\dissy\deferred shading\source\deferred shading\debug\deferred shading.tlog\cl.command.1.tlog
d:\c++projects\dissy\deferred shading\source\deferred shading\debug\deferred shading.tlog\cl.read.1.tlog
d:\c++projects\dissy\deferred shading\source\deferred shading\debug\deferred shading.tlog\cl.write.1.tlog
d:\c++projects\dissy\deferred shading\source\deferred shading\debug\deferred shading.tlog\link.command.1.tlog
d:\c++projects\dissy\deferred shading\source\deferred shading\debug\deferred shading.tlog\link.read.1.tlog
d:\c++projects\dissy\deferred shading\source\deferred shading\debug\deferred shading.tlog\link.write.1.tlog
