d:\c++projects\dissy\deferred shading\source\deferred shading\release\vc120.pdb
d:\c++projects\dissy\deferred shading\source\deferred shading\release\dx11transform.obj
d:\c++projects\dissy\deferred shading\source\deferred shading\release\dx11timer.obj
d:\c++projects\dissy\deferred shading\source\deferred shading\release\dx11texturepool.obj
d:\c++projects\dissy\deferred shading\source\deferred shading\release\dx11texture.obj
d:\c++projects\dissy\deferred shading\source\deferred shading\release\dx11texsampler.obj
d:\c++projects\dissy\deferred shading\source\deferred shading\release\dx11shape.obj
d:\c++projects\dissy\deferred shading\source\deferred shading\release\dx11shader.obj
d:\c++projects\dissy\deferred shading\source\deferred shading\release\dx11quad.obj
d:\c++projects\dissy\deferred shading\source\deferred shading\release\dx11objmesh.obj
d:\c++projects\dissy\deferred shading\source\deferred shading\release\dx11input.obj
d:\c++projects\dissy\deferred shading\source\deferred shading\release\dx11icosahedron.obj
d:\c++projects\dissy\deferred shading\source\deferred shading\release\dx11graphics.obj
d:\c++projects\dissy\deferred shading\source\deferred shading\release\dx11drawstate.obj
d:\c++projects\dissy\deferred shading\source\deferred shading\release\dx11deferredpointset.obj
d:\c++projects\dissy\deferred shading\source\deferred shading\release\dx11deferreddirlightset.obj
d:\c++projects\dissy\deferred shading\source\deferred shading\release\dx11cube.obj
d:\c++projects\dissy\deferred shading\source\deferred shading\release\dx11camera.obj
d:\c++projects\dissy\deferred shading\source\deferred shading\release\directoryfunctions.obj
d:\c++projects\dissy\deferred shading\source\deferred shading\release\directionallight.obj
d:\c++projects\dissy\deferred shading\source\deferred shading\release\angleconvert.obj
d:\c++projects\dissy\deferred shading\source\deferred shading\release\windowswindow.obj
d:\c++projects\dissy\deferred shading\source\deferred shading\release\spotlight.obj
d:\c++projects\dissy\deferred shading\source\deferred shading\release\quaternion.obj
d:\c++projects\dissy\deferred shading\source\deferred shading\release\polarcartconversion.obj
d:\c++projects\dissy\deferred shading\source\deferred shading\release\pointlight.obj
d:\c++projects\dissy\deferred shading\source\deferred shading\release\matrix.obj
d:\c++projects\dissy\deferred shading\source\deferred shading\release\mainstate.obj
d:\c++projects\dissy\deferred shading\source\deferred shading\release\main.obj
d:\c++projects\dissy\deferred shading\source\deferred shading\release\light.obj
d:\c++projects\dissy\deferred shading\source\deferred shading\release\game.obj
d:\c++projects\dissy\deferred shading\source\deferred shading\release\file.obj
d:\c++projects\dissy\deferred shading\source\deferred shading\release\dxgbuffer.obj
d:\c++projects\dissy\deferred shading\source\deferred shading\release\dx11typelessconstantbuffer.obj
d:\c++projects\dissy\deferred shading\source\release\deferred shading.exe
d:\c++projects\dissy\deferred shading\source\release\deferred shading.pdb
d:\c++projects\dissy\deferred shading\source\deferred shading\release\deferred shading.tlog\cl.command.1.tlog
d:\c++projects\dissy\deferred shading\source\deferred shading\release\deferred shading.tlog\cl.read.1.tlog
d:\c++projects\dissy\deferred shading\source\deferred shading\release\deferred shading.tlog\cl.write.1.tlog
d:\c++projects\dissy\deferred shading\source\deferred shading\release\deferred shading.tlog\link.command.1.tlog
d:\c++projects\dissy\deferred shading\source\deferred shading\release\deferred shading.tlog\link.read.1.tlog
d:\c++projects\dissy\deferred shading\source\deferred shading\release\deferred shading.tlog\link.write.1.tlog
